<?xml version="1.0" encoding="UTF-8"?>
<testng-results ignored="0" total="1" passed="1" failed="0" skipped="0">
  <reporter-output>
  </reporter-output>
  <suite started-at="2022-07-21T12:49:46 EDT" name="Default suite" finished-at="2022-07-21T12:50:04 EDT" duration-ms="17743">
    <groups>
    </groups>
    <test started-at="2022-07-21T12:49:46 EDT" name="Default test" finished-at="2022-07-21T12:50:04 EDT" duration-ms="17743">
      <class name="TC_calculator.TC_calculator">
        <test-method is-config="true" signature="Setup()[pri:0, instance:TC_calculator.TC_calculator@1a04f701]" started-at="2022-07-21T12:49:46 EDT" name="Setup" finished-at="2022-07-21T12:49:50 EDT" duration-ms="3101" status="PASS">
          <reporter-output>
          </reporter-output>
        </test-method> <!-- Setup -->
        <test-method signature="Test_location()[pri:0, instance:TC_calculator.TC_calculator@1a04f701]" started-at="2022-07-21T12:49:50 EDT" name="Test_location" finished-at="2022-07-21T12:50:04 EDT" duration-ms="14201" status="PASS">
          <reporter-output>
          </reporter-output>
        </test-method> <!-- Test_location -->
        <test-method is-config="true" signature="TearDown()[pri:0, instance:TC_calculator.TC_calculator@1a04f701]" started-at="2022-07-21T12:50:04 EDT" name="TearDown" finished-at="2022-07-21T12:50:04 EDT" duration-ms="388" status="PASS">
          <reporter-output>
          </reporter-output>
        </test-method> <!-- TearDown -->
      </class> <!-- TC_calculator.TC_calculator -->
    </test> <!-- Default test -->
  </suite> <!-- Default suite -->
</testng-results>
