<?xml version="1.0" encoding="UTF-8"?>
<testng-results ignored="0" total="3" passed="2" failed="1" skipped="0">
  <reporter-output>
  </reporter-output>
  <suite started-at="2022-08-04T15:20:12 EDT" name="Default suite" finished-at="2022-08-04T15:21:38 EDT" duration-ms="86215">
    <groups>
    </groups>
    <test started-at="2022-08-04T15:20:12 EDT" name="Default test" finished-at="2022-08-04T15:21:38 EDT" duration-ms="86215">
      <class name="testNG.testing">
        <test-method is-config="true" signature="setup()[pri:0, instance:testNG.testing@21de60b4]" started-at="2022-08-04T15:20:12 EDT" name="setup" finished-at="2022-08-04T15:20:12 EDT" duration-ms="11" status="PASS">
          <reporter-output>
          </reporter-output>
        </test-method> <!-- setup -->
        <test-method is-config="true" signature="launchBrowser()[pri:0, instance:testNG.testing@21de60b4]" started-at="2022-08-04T15:20:12 EDT" name="launchBrowser" finished-at="2022-08-04T15:20:15 EDT" duration-ms="3132" status="PASS">
          <reporter-output>
          </reporter-output>
        </test-method> <!-- launchBrowser -->
        <test-method is-config="true" signature="enterURL()[pri:0, instance:testNG.testing@21de60b4]" started-at="2022-08-04T15:20:15 EDT" name="enterURL" finished-at="2022-08-04T15:20:15 EDT" duration-ms="334" status="PASS">
          <reporter-output>
          </reporter-output>
        </test-method> <!-- enterURL -->
        <test-method is-config="true" signature="login()[pri:0, instance:testNG.testing@21de60b4]" started-at="2022-08-04T15:20:15 EDT" name="login" finished-at="2022-08-04T15:20:15 EDT" duration-ms="1" status="PASS">
          <reporter-output>
          </reporter-output>
        </test-method> <!-- login -->
        <test-method signature="test1()[pri:1, instance:testNG.testing@21de60b4]" started-at="2022-08-04T15:20:15 EDT" name="test1" finished-at="2022-08-04T15:20:17 EDT" duration-ms="1642" status="PASS">
          <reporter-output>
          </reporter-output>
        </test-method> <!-- test1 -->
        <test-method is-config="true" signature="logout()[pri:0, instance:testNG.testing@21de60b4]" started-at="2022-08-04T15:20:17 EDT" name="logout" finished-at="2022-08-04T15:20:17 EDT" duration-ms="0" status="PASS">
          <reporter-output>
          </reporter-output>
        </test-method> <!-- logout -->
        <test-method is-config="true" signature="login()[pri:0, instance:testNG.testing@21de60b4]" started-at="2022-08-04T15:20:17 EDT" name="login" finished-at="2022-08-04T15:20:17 EDT" duration-ms="1" status="PASS">
          <reporter-output>
          </reporter-output>
        </test-method> <!-- login -->
        <test-method signature="gtest2()[pri:2, instance:testNG.testing@21de60b4]" started-at="2022-08-04T15:20:17 EDT" name="gtest2" finished-at="2022-08-04T15:20:47 EDT" duration-ms="29929" status="PASS">
          <reporter-output>
          </reporter-output>
        </test-method> <!-- gtest2 -->
        <test-method is-config="true" signature="logout()[pri:0, instance:testNG.testing@21de60b4]" started-at="2022-08-04T15:20:47 EDT" name="logout" finished-at="2022-08-04T15:20:47 EDT" duration-ms="1" status="PASS">
          <reporter-output>
          </reporter-output>
        </test-method> <!-- logout -->
        <test-method is-config="true" signature="login()[pri:0, instance:testNG.testing@21de60b4]" started-at="2022-08-04T15:20:47 EDT" name="login" finished-at="2022-08-04T15:20:47 EDT" duration-ms="1" status="PASS">
          <reporter-output>
          </reporter-output>
        </test-method> <!-- login -->
        <test-method signature="gmaillogin2()[pri:3, instance:testNG.testing@21de60b4]" started-at="2022-08-04T15:20:47 EDT" name="gmaillogin2" finished-at="2022-08-04T15:21:32 EDT" duration-ms="45252" status="FAIL">
          <exception class="org.openqa.selenium.WebDriverException">
            <message>
              <![CDATA[unknown error: cannot determine loading status
from unknown error: unexpected command response
  (Session info: chrome=103.0.5060.66)
Build info: version: '4.3.0', revision: 'a4995e2c09*'
System info: host: 'LEMOUNIR', ip: '192.168.214.1', os.name: 'Windows 11', os.arch: 'amd64', os.version: '10.0', java.version: '18.0.2'
Driver info: org.openqa.selenium.chrome.ChromeDriver
Command: [212b2df735df593d9ee5d2a5de0c66a3, clickElement {id=b514f2d8-2c6c-4182-9bc1-770940297fdc}]
Capabilities {acceptInsecureCerts: false, browserName: chrome, browserVersion: 103.0.5060.66, chrome: {chromedriverVersion: 103.0.5060.53 (a1711811edd7..., userDataDir: C:\Users\sfoxl\AppData\Loca...}, goog:chromeOptions: {debuggerAddress: localhost:51067}, networkConnectionEnabled: false, pageLoadStrategy: normal, platformName: WINDOWS, proxy: Proxy(), se:cdp: ws://localhost:51067/devtoo..., se:cdpVersion: 103.0.5060.66, setWindowRect: true, strictFileInteractability: false, timeouts: {implicit: 0, pageLoad: 300000, script: 30000}, unhandledPromptBehavior: dismiss and notify, webauthn:extension:credBlob: true, webauthn:extension:largeBlob: true, webauthn:virtualAuthenticators: true}
Element: [[ChromeDriver: chrome on WINDOWS (212b2df735df593d9ee5d2a5de0c66a3)] -> css selector: .emthemesModez-quickSearch:nth-child(3) .button]
Session ID: 212b2df735df593d9ee5d2a5de0c66a3]]>
            </message>
            <full-stacktrace>
              <![CDATA[org.openqa.selenium.WebDriverException: unknown error: cannot determine loading status
from unknown error: unexpected command response
  (Session info: chrome=103.0.5060.66)
Build info: version: '4.3.0', revision: 'a4995e2c09*'
System info: host: 'LEMOUNIR', ip: '192.168.214.1', os.name: 'Windows 11', os.arch: 'amd64', os.version: '10.0', java.version: '18.0.2'
Driver info: org.openqa.selenium.chrome.ChromeDriver
Command: [212b2df735df593d9ee5d2a5de0c66a3, clickElement {id=b514f2d8-2c6c-4182-9bc1-770940297fdc}]
Capabilities {acceptInsecureCerts: false, browserName: chrome, browserVersion: 103.0.5060.66, chrome: {chromedriverVersion: 103.0.5060.53 (a1711811edd7..., userDataDir: C:\Users\sfoxl\AppData\Loca...}, goog:chromeOptions: {debuggerAddress: localhost:51067}, networkConnectionEnabled: false, pageLoadStrategy: normal, platformName: WINDOWS, proxy: Proxy(), se:cdp: ws://localhost:51067/devtoo..., se:cdpVersion: 103.0.5060.66, setWindowRect: true, strictFileInteractability: false, timeouts: {implicit: 0, pageLoad: 300000, script: 30000}, unhandledPromptBehavior: dismiss and notify, webauthn:extension:credBlob: true, webauthn:extension:largeBlob: true, webauthn:virtualAuthenticators: true}
Element: [[ChromeDriver: chrome on WINDOWS (212b2df735df593d9ee5d2a5de0c66a3)] -> css selector: .emthemesModez-quickSearch:nth-child(3) .button]
Session ID: 212b2df735df593d9ee5d2a5de0c66a3
at java.base/jdk.internal.reflect.DirectConstructorHandleAccessor.newInstance(DirectConstructorHandleAccessor.java:67)
at java.base/java.lang.reflect.Constructor.newInstanceWithCaller(Constructor.java:499)
at java.base/java.lang.reflect.Constructor.newInstance(Constructor.java:483)
at org.openqa.selenium.remote.codec.w3c.W3CHttpResponseCodec.createException(W3CHttpResponseCodec.java:200)
at org.openqa.selenium.remote.codec.w3c.W3CHttpResponseCodec.decode(W3CHttpResponseCodec.java:133)
at org.openqa.selenium.remote.codec.w3c.W3CHttpResponseCodec.decode(W3CHttpResponseCodec.java:53)
at org.openqa.selenium.remote.HttpCommandExecutor.execute(HttpCommandExecutor.java:184)
at org.openqa.selenium.remote.service.DriverCommandExecutor.invokeExecute(DriverCommandExecutor.java:167)
at org.openqa.selenium.remote.service.DriverCommandExecutor.execute(DriverCommandExecutor.java:142)
at org.openqa.selenium.remote.RemoteWebDriver.execute(RemoteWebDriver.java:569)
at org.openqa.selenium.remote.RemoteWebElement.execute(RemoteWebElement.java:257)
at org.openqa.selenium.remote.RemoteWebElement.click(RemoteWebElement.java:78)
at testNG.testing.gmaillogin2(testing.java:226)
at java.base/jdk.internal.reflect.DirectMethodHandleAccessor.invoke(DirectMethodHandleAccessor.java:104)
at java.base/java.lang.reflect.Method.invoke(Method.java:577)
at org.testng.internal.MethodInvocationHelper.invokeMethod(MethodInvocationHelper.java:133)
at org.testng.internal.TestInvoker.invokeMethod(TestInvoker.java:598)
at org.testng.internal.TestInvoker.invokeTestMethod(TestInvoker.java:173)
at org.testng.internal.MethodRunner.runInSequence(MethodRunner.java:46)
at org.testng.internal.TestInvoker$MethodInvocationAgent.invoke(TestInvoker.java:824)
at org.testng.internal.TestInvoker.invokeTestMethods(TestInvoker.java:146)
at org.testng.internal.TestMethodWorker.invokeTestMethods(TestMethodWorker.java:146)
at org.testng.internal.TestMethodWorker.run(TestMethodWorker.java:128)
at java.base/java.util.ArrayList.forEach(ArrayList.java:1511)
at org.testng.TestRunner.privateRun(TestRunner.java:794)
at org.testng.TestRunner.run(TestRunner.java:596)
at org.testng.SuiteRunner.runTest(SuiteRunner.java:377)
at org.testng.SuiteRunner.runSequentially(SuiteRunner.java:371)
at org.testng.SuiteRunner.privateRun(SuiteRunner.java:332)
at org.testng.SuiteRunner.run(SuiteRunner.java:276)
at org.testng.SuiteRunnerWorker.runSuite(SuiteRunnerWorker.java:53)
at org.testng.SuiteRunnerWorker.run(SuiteRunnerWorker.java:96)
at org.testng.TestNG.runSuitesSequentially(TestNG.java:1212)
at org.testng.TestNG.runSuitesLocally(TestNG.java:1134)
at org.testng.TestNG.runSuites(TestNG.java:1063)
at org.testng.TestNG.run(TestNG.java:1031)
at org.testng.remote.AbstractRemoteTestNG.run(AbstractRemoteTestNG.java:115)
at org.testng.remote.RemoteTestNG.initAndRun(RemoteTestNG.java:251)
at org.testng.remote.RemoteTestNG.main(RemoteTestNG.java:77)
]]>
            </full-stacktrace>
          </exception> <!-- org.openqa.selenium.WebDriverException -->
          <reporter-output>
          </reporter-output>
        </test-method> <!-- gmaillogin2 -->
        <test-method is-config="true" signature="logout()[pri:0, instance:testNG.testing@21de60b4]" started-at="2022-08-04T15:21:32 EDT" name="logout" finished-at="2022-08-04T15:21:32 EDT" duration-ms="1" status="PASS">
          <reporter-output>
          </reporter-output>
        </test-method> <!-- logout -->
        <test-method is-config="true" signature="closebrowser()[pri:0, instance:testNG.testing@21de60b4]" started-at="2022-08-04T15:21:32 EDT" name="closebrowser" finished-at="2022-08-04T15:21:38 EDT" duration-ms="5860" status="PASS">
          <reporter-output>
          </reporter-output>
        </test-method> <!-- closebrowser -->
        <test-method is-config="true" signature="deletecookies()[pri:0, instance:testNG.testing@21de60b4]" started-at="2022-08-04T15:21:38 EDT" name="deletecookies" finished-at="2022-08-04T15:21:38 EDT" duration-ms="0" status="PASS">
          <reporter-output>
          </reporter-output>
        </test-method> <!-- deletecookies -->
      </class> <!-- testNG.testing -->
    </test> <!-- Default test -->
  </suite> <!-- Default suite -->
</testng-results>
