<?xml version="1.0" encoding="UTF-8"?>
<testng-results ignored="0" total="3" passed="3" failed="0" skipped="0">
  <reporter-output>
  </reporter-output>
  <suite started-at="2022-08-09T11:25:26 EDT" name="Default suite" finished-at="2022-08-09T11:26:56 EDT" duration-ms="89419">
    <groups>
    </groups>
    <test started-at="2022-08-09T11:25:26 EDT" name="Default test" finished-at="2022-08-09T11:26:56 EDT" duration-ms="89419">
      <class name="testNG.testing">
        <test-method is-config="true" signature="setup()[pri:0, instance:testNG.testing@294425a7]" started-at="2022-08-09T11:25:26 EDT" name="setup" finished-at="2022-08-09T11:25:26 EDT" duration-ms="8" status="PASS">
          <reporter-output>
          </reporter-output>
        </test-method> <!-- setup -->
        <test-method is-config="true" signature="launchBrowser()[pri:0, instance:testNG.testing@294425a7]" started-at="2022-08-09T11:25:26 EDT" name="launchBrowser" finished-at="2022-08-09T11:25:30 EDT" duration-ms="3387" status="PASS">
          <reporter-output>
          </reporter-output>
        </test-method> <!-- launchBrowser -->
        <test-method is-config="true" signature="enterURL()[pri:0, instance:testNG.testing@294425a7]" started-at="2022-08-09T11:25:30 EDT" name="enterURL" finished-at="2022-08-09T11:25:30 EDT" duration-ms="473" status="PASS">
          <reporter-output>
          </reporter-output>
        </test-method> <!-- enterURL -->
        <test-method is-config="true" signature="login()[pri:0, instance:testNG.testing@294425a7]" started-at="2022-08-09T11:25:30 EDT" name="login" finished-at="2022-08-09T11:25:30 EDT" duration-ms="1" status="PASS">
          <reporter-output>
          </reporter-output>
        </test-method> <!-- login -->
        <test-method signature="test1()[pri:1, instance:testNG.testing@294425a7]" started-at="2022-08-09T11:25:30 EDT" name="test1" finished-at="2022-08-09T11:25:32 EDT" duration-ms="1670" status="PASS">
          <reporter-output>
          </reporter-output>
        </test-method> <!-- test1 -->
        <test-method is-config="true" signature="logout()[pri:0, instance:testNG.testing@294425a7]" started-at="2022-08-09T11:25:32 EDT" name="logout" finished-at="2022-08-09T11:25:32 EDT" duration-ms="1" status="PASS">
          <reporter-output>
          </reporter-output>
        </test-method> <!-- logout -->
        <test-method is-config="true" signature="login()[pri:0, instance:testNG.testing@294425a7]" started-at="2022-08-09T11:25:32 EDT" name="login" finished-at="2022-08-09T11:25:32 EDT" duration-ms="0" status="PASS">
          <reporter-output>
          </reporter-output>
        </test-method> <!-- login -->
        <test-method signature="gtest2()[pri:2, instance:testNG.testing@294425a7]" started-at="2022-08-09T11:25:32 EDT" name="gtest2" finished-at="2022-08-09T11:25:52 EDT" duration-ms="20128" status="PASS">
          <reporter-output>
          </reporter-output>
        </test-method> <!-- gtest2 -->
        <test-method is-config="true" signature="logout()[pri:0, instance:testNG.testing@294425a7]" started-at="2022-08-09T11:25:52 EDT" name="logout" finished-at="2022-08-09T11:25:52 EDT" duration-ms="0" status="PASS">
          <reporter-output>
          </reporter-output>
        </test-method> <!-- logout -->
        <test-method signature="gmaillogin2()[pri:3, instance:testNG.testing@294425a7]" started-at="2022-08-09T11:25:52 EDT" name="gmaillogin2" finished-at="2022-08-09T11:26:51 EDT" duration-ms="58902" status="PASS">
          <reporter-output>
          </reporter-output>
        </test-method> <!-- gmaillogin2 -->
        <test-method is-config="true" signature="login()[pri:0, instance:testNG.testing@294425a7]" started-at="2022-08-09T11:25:52 EDT" name="login" finished-at="2022-08-09T11:25:52 EDT" duration-ms="0" status="PASS">
          <reporter-output>
          </reporter-output>
        </test-method> <!-- login -->
        <test-method is-config="true" signature="logout()[pri:0, instance:testNG.testing@294425a7]" started-at="2022-08-09T11:26:51 EDT" name="logout" finished-at="2022-08-09T11:26:51 EDT" duration-ms="1" status="PASS">
          <reporter-output>
          </reporter-output>
        </test-method> <!-- logout -->
        <test-method is-config="true" signature="closebrowser()[pri:0, instance:testNG.testing@294425a7]" started-at="2022-08-09T11:26:51 EDT" name="closebrowser" finished-at="2022-08-09T11:26:56 EDT" duration-ms="4803" status="PASS">
          <reporter-output>
          </reporter-output>
        </test-method> <!-- closebrowser -->
        <test-method is-config="true" signature="deletecookies()[pri:0, instance:testNG.testing@294425a7]" started-at="2022-08-09T11:26:56 EDT" name="deletecookies" finished-at="2022-08-09T11:26:56 EDT" duration-ms="0" status="PASS">
          <reporter-output>
          </reporter-output>
        </test-method> <!-- deletecookies -->
      </class> <!-- testNG.testing -->
    </test> <!-- Default test -->
  </suite> <!-- Default suite -->
</testng-results>
