<?xml version="1.0" encoding="UTF-8"?>
<testng-results ignored="0" total="1" passed="1" failed="0" skipped="0">
  <reporter-output>
  </reporter-output>
  <suite started-at="2022-08-05T03:21:18 EDT" name="Default suite" finished-at="2022-08-05T03:21:49 EDT" duration-ms="31597">
    <groups>
    </groups>
    <test started-at="2022-08-05T03:21:18 EDT" name="Default test" finished-at="2022-08-05T03:21:49 EDT" duration-ms="31597">
      <class name="net.calculator.tc.Financial_TC">
        <test-method is-config="true" signature="Setup()[pri:0, instance:net.calculator.tc.Financial_TC@4cc451f2]" started-at="2022-08-05T03:21:18 EDT" name="Setup" finished-at="2022-08-05T03:21:22 EDT" duration-ms="3805" status="PASS">
          <reporter-output>
          </reporter-output>
        </test-method> <!-- Setup -->
        <test-method signature="Test_location()[pri:0, instance:net.calculator.tc.Financial_TC@4cc451f2]" started-at="2022-08-05T03:21:22 EDT" name="Test_location" finished-at="2022-08-05T03:21:49 EDT" duration-ms="27103" status="PASS">
          <reporter-output>
          </reporter-output>
        </test-method> <!-- Test_location -->
        <test-method is-config="true" signature="TearDown()[pri:0, instance:net.calculator.tc.Financial_TC@4cc451f2]" started-at="2022-08-05T03:21:49 EDT" name="TearDown" finished-at="2022-08-05T03:21:49 EDT" duration-ms="636" status="PASS">
          <reporter-output>
          </reporter-output>
        </test-method> <!-- TearDown -->
      </class> <!-- net.calculator.tc.Financial_TC -->
    </test> <!-- Default test -->
  </suite> <!-- Default suite -->
</testng-results>
