<?xml version="1.0" encoding="UTF-8"?>
<testng-results ignored="0" total="1" passed="1" failed="0" skipped="0">
  <reporter-output>
  </reporter-output>
  <suite started-at="2022-08-09T19:37:39 EDT" name="Default suite" finished-at="2022-08-09T19:37:55 EDT" duration-ms="15431">
    <groups>
    </groups>
    <test started-at="2022-08-09T19:37:39 EDT" name="Default test" finished-at="2022-08-09T19:37:55 EDT" duration-ms="15431">
      <class name="net.calculator.tc.images_TC">
        <test-method is-config="true" signature="Setup()[pri:0, instance:net.calculator.tc.images_TC@4cc451f2]" started-at="2022-08-09T19:37:39 EDT" name="Setup" finished-at="2022-08-09T19:37:42 EDT" duration-ms="2986" status="PASS">
          <reporter-output>
          </reporter-output>
        </test-method> <!-- Setup -->
        <test-method signature="Test_Images()[pri:0, instance:net.calculator.tc.images_TC@4cc451f2]" started-at="2022-08-09T19:37:42 EDT" name="Test_Images" finished-at="2022-08-09T19:37:54 EDT" duration-ms="11974" status="PASS">
          <reporter-output>
          </reporter-output>
        </test-method> <!-- Test_Images -->
        <test-method is-config="true" signature="TearDown()[pri:0, instance:net.calculator.tc.images_TC@4cc451f2]" started-at="2022-08-09T19:37:54 EDT" name="TearDown" finished-at="2022-08-09T19:37:55 EDT" duration-ms="420" status="PASS">
          <reporter-output>
          </reporter-output>
        </test-method> <!-- TearDown -->
      </class> <!-- net.calculator.tc.images_TC -->
    </test> <!-- Default test -->
  </suite> <!-- Default suite -->
</testng-results>
