<?xml version="1.0" encoding="UTF-8"?>
<!-- Generated by org.testng.reporters.JUnitXMLReporter -->
<testsuite ignored="0" hostname="LeMounir" failures="0" tests="10" name="Default test" time="287.364" errors="0" timestamp="2022-08-07T22:34:11 EDT">
  <testcase classname="net.calculator.Test.Main_Test" name="Test_calculator" time="3.963"/>
  <testcase classname="net.calculator.Test.Main_Test" name="Test_Images" time="16.037"/>
  <testcase classname="net.calculator.Test.Main_Test" name="Test_Financial" time="14.572"/>
  <testcase classname="net.calculator.Test.Main_Test" name="Test_Fitness" time="16.399"/>
  <testcase classname="net.calculator.Test.Main_Test" name="Test_Finanial_Main" time="108.737"/>
  <testcase classname="net.calculator.Test.Main_Test" name="Test_Math" time="24.037"/>
  <testcase classname="net.calculator.Test.Main_Test" name="Test_Other" time="10.81"/>
  <testcase classname="net.calculator.Test.Main_Test" name="Test_Mortgage" time="13.943"/>
  <testcase classname="net.calculator.Test.Main_Test" name="Test_Least_Common_Multiple" time="15.655"/>
  <testcase classname="net.calculator.Test.Main_Test" name="Test_Virtual_Dice_Roller" time="16.265"/>
</testsuite> <!-- Default test -->
