<?xml version="1.0" encoding="UTF-8"?>
<!-- Generated by org.testng.reporters.JUnitXMLReporter -->
<testsuite ignored="0" hostname="LeMounir" failures="0" tests="27" name="Default test" time="864.099" errors="0" timestamp="2022-08-11T09:20:43 EDT">
  <testcase classname="net.calculator.Test.Least_Common_MultipleTest" name="Test_Other" time="11.532"/>
  <testcase classname="net.calculator.Test.Unsplash_Test" name="Test" time="40.71"/>
  <testcase classname="net.calculator.Test.FinancialTest" name="Test_location" time="19.688"/>
  <testcase classname="net.calculator.Test.Calculator_Test" name="Test_Calculator" time="4.746"/>
  <testcase classname="net.calculator.Test.Virtual_Dice_Roller_Test" name="Test_Virtual_Dice_Roller" time="12.898"/>
  <testcase classname="net.calculator.Test.Math_Test" name="Test_Math" time="22.562"/>
  <testcase classname="net.calculator.Test.Main_FinancialTest" name="Test_Links1" time="74.078"/>
  <testcase classname="net.calculator.Test.Main_FinancialTest" name="Test_Links2" time="81.916"/>
  <testcase classname="net.calculator.Test.Fitnesstest" name="Test_location" time="17.8"/>
  <testcase classname="net.calculator.Test.ImagesTest" name="Test_Images" time="9.026"/>
  <testcase classname="net.calculator.Test.Unspashed_2_Test" name="Test" time="7.148"/>
  <testcase classname="net.calculator.Test.PricelineTest" name="Google_PO" time="11.985"/>
  <testcase classname="net.calculator.Test.Main_Test" name="Test_calculator" time="4.623"/>
  <testcase classname="net.calculator.Test.Main_Test" name="Test_Images" time="10.894"/>
  <testcase classname="net.calculator.Test.Main_Test" name="Test_Financial" time="20.36"/>
  <testcase classname="net.calculator.Test.Main_Test" name="Test_Fitness" time="18.887"/>
  <testcase classname="net.calculator.Test.Main_Test" name="Test_Finanial_Main" time="167.414"/>
  <testcase classname="net.calculator.Test.Main_Test" name="Test_Math" time="26.627"/>
  <testcase classname="net.calculator.Test.Main_Test" name="Test_Other" time="26.82"/>
  <testcase classname="net.calculator.Test.Main_Test" name="Test_Mortgage" time="26.001"/>
  <testcase classname="net.calculator.Test.Main_Test" name="Test_Least_Common_Multiple" time="13.649"/>
  <testcase classname="net.calculator.Test.Main_Test" name="Test_Virtual_Dice_Roller" time="25.873"/>
  <testcase classname="net.calculator.Test.Freeimages_TC" name="Test_location" time="10.349"/>
  <testcase classname="net.calculator.Test.Mortgage_Test" name="Test" time="15.238"/>
  <testcase classname="net.calculator.Test.Other_Calculators_Test" name="Test_Other" time="13.819"/>
  <testcase classname="net.calculator.Test.Repayment_Calculator_Test" name="Test" time="12.296"/>
  <testcase classname="net.calculator.Test.Loan_CalculatorTest" name="Test" time="17.197"/>
</testsuite> <!-- Default test -->
