<?xml version="1.0" encoding="UTF-8"?>
<!-- Generated by org.testng.reporters.JUnitXMLReporter -->
<testsuite ignored="0" hostname="LeMounir" failures="0" tests="9" name="Default test" time="150.424" errors="0" timestamp="2022-08-10T13:05:55 EDT">
  <testcase classname="net.calculator.tc.Main_TC" name="Test_calculator" time="4.536"/>
  <testcase classname="net.calculator.tc.Main_TC" name="Test_Images" time="10.759"/>
  <testcase classname="net.calculator.tc.Main_TC" name="Test_Financial" time="29.008"/>
  <testcase classname="net.calculator.tc.Main_TC" name="Test_Fitness" time="16.666"/>
  <testcase classname="net.calculator.tc.Main_TC" name="Test_Math" time="13.88"/>
  <testcase classname="net.calculator.tc.Main_TC" name="Test_Other" time="17.376"/>
  <testcase classname="net.calculator.tc.Main_TC" name="Test_Mortgage" time="9.923"/>
  <testcase classname="net.calculator.tc.Main_TC" name="Test_Least_Common_Multiple" time="10.879"/>
  <testcase classname="net.calculator.tc.Main_TC" name="Test_Virtual_Dice_Roller" time="16.432"/>
</testsuite> <!-- Default test -->
