<?xml version="1.0" encoding="UTF-8"?>
<!-- Generated by org.testng.reporters.JUnitReportReporter -->
<testsuite hostname="LeMounir" failures="0" tests="2" name="net.calculator.tc.Main_Financial_TC" time="529.365" errors="0" timestamp="2022-08-07T17:21:45 EDT" skipped="0">
  <testcase classname="net.calculator.tc.Main_Financial_TC" name="Test_Links1" time="291.338"/>
  <system-out/>
  <testcase classname="net.calculator.tc.Main_Financial_TC" name="Test_Links2" time="238.027"/>
  <system-out/>
</testsuite> <!-- net.calculator.tc.Main_Financial_TC -->
