<?xml version="1.0" encoding="UTF-8"?>
<testng-results ignored="0" total="1" passed="1" failed="0" skipped="0">
  <reporter-output>
  </reporter-output>
  <suite started-at="2022-07-30T18:24:21 EDT" name="Default suite" finished-at="2022-07-30T18:24:23 EDT" duration-ms="2239">
    <groups>
    </groups>
    <test started-at="2022-07-30T18:24:21 EDT" name="Default test" finished-at="2022-07-30T18:24:23 EDT" duration-ms="2239">
      <class name="api.test.main.base">
        <test-method signature="test()[pri:0, instance:api.test.main.base@1aa7ecca]" started-at="2022-07-30T18:24:21 EDT" name="test" finished-at="2022-07-30T18:24:23 EDT" duration-ms="2168" status="PASS">
          <reporter-output>
          </reporter-output>
        </test-method> <!-- test -->
      </class> <!-- api.test.main.base -->
    </test> <!-- Default test -->
  </suite> <!-- Default suite -->
</testng-results>
