<?xml version="1.0" encoding="UTF-8"?>
<testng-results ignored="0" total="1" passed="1" failed="0" skipped="0">
  <reporter-output>
  </reporter-output>
  <suite started-at="2022-08-09T15:57:57 EDT" name="Default suite" finished-at="2022-08-09T15:58:09 EDT" duration-ms="11860">
    <groups>
    </groups>
    <test started-at="2022-08-09T15:57:57 EDT" name="Default test" finished-at="2022-08-09T15:58:09 EDT" duration-ms="11860">
      <class name="net.calculator.Test.Unspashed_2_Test">
        <test-method is-config="true" signature="Setup()[pri:0, instance:net.calculator.Test.Unspashed_2_Test@294425a7]" started-at="2022-08-09T15:57:57 EDT" name="Setup" finished-at="2022-08-09T15:58:02 EDT" duration-ms="4745" status="PASS">
          <reporter-output>
          </reporter-output>
        </test-method> <!-- Setup -->
        <test-method signature="Test()[pri:0, instance:net.calculator.Test.Unspashed_2_Test@294425a7]" started-at="2022-08-09T15:58:02 EDT" name="Test" finished-at="2022-08-09T15:58:05 EDT" duration-ms="2793" status="PASS">
          <reporter-output>
          </reporter-output>
        </test-method> <!-- Test -->
        <test-method is-config="true" signature="TearDown()[pri:0, instance:net.calculator.Test.Unspashed_2_Test@294425a7]" started-at="2022-08-09T15:58:05 EDT" name="TearDown" finished-at="2022-08-09T15:58:09 EDT" duration-ms="4279" status="PASS">
          <reporter-output>
          </reporter-output>
        </test-method> <!-- TearDown -->
      </class> <!-- net.calculator.Test.Unspashed_2_Test -->
    </test> <!-- Default test -->
  </suite> <!-- Default suite -->
</testng-results>
