<?xml version="1.0" encoding="UTF-8"?>
<testng-results ignored="0" total="1" passed="1" failed="0" skipped="0">
  <reporter-output>
  </reporter-output>
  <suite started-at="2022-08-05T00:20:59 EDT" name="Default suite" finished-at="2022-08-05T00:21:46 EDT" duration-ms="46405">
    <groups>
    </groups>
    <test started-at="2022-08-05T00:20:59 EDT" name="Default test" finished-at="2022-08-05T00:21:46 EDT" duration-ms="46405">
      <class name="net.calculator.tc.unsplash_TC">
        <test-method is-config="true" signature="Setup()[pri:0, instance:net.calculator.tc.unsplash_TC@294425a7]" started-at="2022-08-05T00:20:59 EDT" name="Setup" finished-at="2022-08-05T00:21:04 EDT" duration-ms="4678" status="PASS">
          <reporter-output>
          </reporter-output>
        </test-method> <!-- Setup -->
        <test-method signature="Test()[pri:0, instance:net.calculator.tc.unsplash_TC@294425a7]" started-at="2022-08-05T00:21:04 EDT" name="Test" finished-at="2022-08-05T00:21:45 EDT" duration-ms="40881" status="PASS">
          <reporter-output>
          </reporter-output>
        </test-method> <!-- Test -->
        <test-method is-config="true" signature="TearDown()[pri:0, instance:net.calculator.tc.unsplash_TC@294425a7]" started-at="2022-08-05T00:21:45 EDT" name="TearDown" finished-at="2022-08-05T00:21:46 EDT" duration-ms="795" status="PASS">
          <reporter-output>
          </reporter-output>
        </test-method> <!-- TearDown -->
      </class> <!-- net.calculator.tc.unsplash_TC -->
    </test> <!-- Default test -->
  </suite> <!-- Default suite -->
</testng-results>
